[INFO]: Number of training images: 18595
[INFO]: Number of validation images: 3281
[INFO]: Classes: ['parasitized', 'uninfected']
Computation device: cuda
Learning rate: 0.0005
Epochs to train for: 5

ViT(
  (patches): CreatePatches(
    (patch): Conv2d(3, 192, kernel_size=(16, 16), stride=(16, 16))
  )
  (dropout): Dropout(p=0.0, inplace=False)
  (transformer): Transformer(
    (layers): ModuleList(
      (0-11): 12 x ModuleList(
        (0): Normalization(
          (norm): LayerNorm((192,), eps=1e-06, elementwise_affine=True)
          (fn): Attention(
            (qkv): Linear(in_features=192, out_features=576, bias=True)
            (out): Sequential(
              (0): Linear(in_features=192, out_features=192, bias=True)
              (1): Dropout(p=0.0, inplace=False)
            )
          )
        )
        (1): Normalization(
          (norm): LayerNorm((192,), eps=1e-06, elementwise_affine=True)
          (fn): MLP(
            (mlp_net): Sequential(
              (0): Linear(in_features=192, out_features=768, bias=True)
              (1): GELU(approximate='none')
              (2): Dropout(p=0.0, inplace=False)
              (3): Linear(in_features=768, out_features=192, bias=True)
              (4): Dropout(p=0.0, inplace=False)
            )
          )
        )
      )
    )
  )
  (ln): LayerNorm((192,), eps=1e-06, elementwise_affine=True)
  (latent): Identity()
  (mlp_head): Linear(in_features=192, out_features=2, bias=True)
)
5,524,802 total parameters.
5,524,802 training parameters.
[INFO]: Epoch 1 of 5
Training
Validation
Training loss: 0.182, training acc: 93.923
Validation loss: 0.103, validation acc: 96.343
--------------------------------------------------
[INFO]: Epoch 2 of 5
Training
Validation
Training loss: 0.097, training acc: 96.590
Validation loss: 0.096, validation acc: 96.343
--------------------------------------------------
[INFO]: Epoch 3 of 5
Training
Validation
Training loss: 0.086, training acc: 96.881
Validation loss: 0.097, validation acc: 96.525
--------------------------------------------------
[INFO]: Epoch 4 of 5
Training
Validation
Training loss: 0.078, training acc: 97.236
Validation loss: 0.102, validation acc: 96.312
--------------------------------------------------
[INFO]: Epoch 5 of 5
Training
Validation
Training loss: 0.068, training acc: 97.397
Validation loss: 0.093, validation acc: 97.044
--------------------------------------------------
TRAINING COMPLETE
[INFO]: Number of training images: 18595
[INFO]: Number of validation images: 3281
[INFO]: Classes: ['parasitized', 'uninfected']
Computation device: cuda
Learning rate: 0.0005
Epochs to train for: 5

[INFO]: Number of training images: 18595
[INFO]: Number of validation images: 3281
[INFO]: Classes: ['parasitized', 'uninfected']
Computation device: cuda
Learning rate: 0.0005
Epochs to train for: 5

ViT(
  (patches): CreatePatches(
    (patch): Conv2d(3, 192, kernel_size=(16, 16), stride=(16, 16))
  )
  (dropout): Dropout(p=0.0, inplace=False)
  (transformer): Transformer(
    (layers): ModuleList(
      (0-11): 12 x ModuleList(
        (0): Normalization(
          (norm): LayerNorm((192,), eps=1e-06, elementwise_affine=True)
          (fn): Attention(
            (qkv): Linear(in_features=192, out_features=576, bias=True)
            (out): Sequential(
              (0): Linear(in_features=192, out_features=192, bias=True)
              (1): Dropout(p=0.0, inplace=False)
            )
          )
        )
        (1): Normalization(
          (norm): LayerNorm((192,), eps=1e-06, elementwise_affine=True)
          (fn): MLP(
            (mlp_net): Sequential(
              (0): Linear(in_features=192, out_features=768, bias=True)
              (1): GELU(approximate='none')
              (2): Dropout(p=0.0, inplace=False)
              (3): Linear(in_features=768, out_features=192, bias=True)
              (4): Dropout(p=0.0, inplace=False)
            )
          )
        )
      )
    )
  )
  (ln): LayerNorm((192,), eps=1e-06, elementwise_affine=True)
  (latent): Identity()
  (mlp_head): Linear(in_features=192, out_features=2, bias=True)
)
5,524,802 total parameters.
5,524,802 training parameters.
Training
Validation
Training
Validation
Training
Validation
Training
Validation
Training
Validation
